{"uid":"6746923bc977c27f","name":"Validate Council Output [DurhamCouncil]","fullName":"features/validate_council_outputs.feature:Validate Council Output","historyId":"a6754a317b5a41ab9e370512cb3937ce","time":{"start":1677580148140,"stop":1677580257038,"duration":108898},"status":"failed","statusMessage":"AssertionError: assert False is True","statusTrace":"fixturefunc = <function validate_output_step at 0x7f684e81a550>\nrequest = <FixtureRequest for <Function test_scenario_outline[DurhamCouncil]>>\nkwargs = {'context': <test_validate_council.context.<locals>.Context object at 0x7f6841305580>}\n\n    def call_fixture_func(\n        fixturefunc: \"_FixtureFunc[FixtureValue]\", request: FixtureRequest, kwargs\n    ) -> FixtureValue:\n        if is_generator(fixturefunc):\n            fixturefunc = cast(\n                Callable[..., Generator[FixtureValue, None, None]], fixturefunc\n            )\n            generator = fixturefunc(**kwargs)\n            try:\n                fixture_result = next(generator)\n            except StopIteration:\n                raise ValueError(f\"{request.fixturename} did not yield a value\") from None\n            finalizer = functools.partial(_teardown_yield_fixture, fixturefunc, generator)\n            request.addfinalizer(finalizer)\n        else:\n            fixturefunc = cast(Callable[..., FixtureValue], fixturefunc)\n>           fixture_result = fixturefunc(**kwargs)\n\n../../../.cache/pypoetry/virtualenvs/uk-bin-collection-EwS6Gn8s-py3.9/lib/python3.9/site-packages/_pytest/fixtures.py:908: \n_ _ _ _ _ _ _ _ _ _ _ _ _ _ _ _ _ _ _ _ _ _ _ _ _ _ _ _ _ _ _ _ _ _ _ _ _ _ _ _ \nuk_bin_collection/tests/step_defs/test_validate_council.py:84: in validate_output_step\n    raise(err)\n_ _ _ _ _ _ _ _ _ _ _ _ _ _ _ _ _ _ _ _ _ _ _ _ _ _ _ _ _ _ _ _ _ _ _ _ _ _ _ _ \n\ncontext = <test_validate_council.context.<locals>.Context object at 0x7f6841305580>\n\n    @then(\"the output should validate against the schema\")\n    def validate_output_step(context):\n        try:\n            council_schema = file_handler.load_schema_file(f\"{context.council}.schema\")\n            schema_result = file_handler.validate_json_schema(\n                context.parse_result, council_schema\n            )\n>           assert schema_result is True\nE           assert False is True\n\nuk_bin_collection/tests/step_defs/test_validate_council.py:80: AssertionError","flaky":false,"newFailed":true,"newBroken":false,"newPassed":false,"retriesCount":0,"retriesStatusChange":false,"beforeStages":[],"testStage":{"status":"failed","statusMessage":"AssertionError: assert False is True","statusTrace":"fixturefunc = <function validate_output_step at 0x7f684e81a550>\nrequest = <FixtureRequest for <Function test_scenario_outline[DurhamCouncil]>>\nkwargs = {'context': <test_validate_council.context.<locals>.Context object at 0x7f6841305580>}\n\n    def call_fixture_func(\n        fixturefunc: \"_FixtureFunc[FixtureValue]\", request: FixtureRequest, kwargs\n    ) -> FixtureValue:\n        if is_generator(fixturefunc):\n            fixturefunc = cast(\n                Callable[..., Generator[FixtureValue, None, None]], fixturefunc\n            )\n            generator = fixturefunc(**kwargs)\n            try:\n                fixture_result = next(generator)\n            except StopIteration:\n                raise ValueError(f\"{request.fixturename} did not yield a value\") from None\n            finalizer = functools.partial(_teardown_yield_fixture, fixturefunc, generator)\n            request.addfinalizer(finalizer)\n        else:\n            fixturefunc = cast(Callable[..., FixtureValue], fixturefunc)\n>           fixture_result = fixturefunc(**kwargs)\n\n../../../.cache/pypoetry/virtualenvs/uk-bin-collection-EwS6Gn8s-py3.9/lib/python3.9/site-packages/_pytest/fixtures.py:908: \n_ _ _ _ _ _ _ _ _ _ _ _ _ _ _ _ _ _ _ _ _ _ _ _ _ _ _ _ _ _ _ _ _ _ _ _ _ _ _ _ \nuk_bin_collection/tests/step_defs/test_validate_council.py:84: in validate_output_step\n    raise(err)\n_ _ _ _ _ _ _ _ _ _ _ _ _ _ _ _ _ _ _ _ _ _ _ _ _ _ _ _ _ _ _ _ _ _ _ _ _ _ _ _ \n\ncontext = <test_validate_council.context.<locals>.Context object at 0x7f6841305580>\n\n    @then(\"the output should validate against the schema\")\n    def validate_output_step(context):\n        try:\n            council_schema = file_handler.load_schema_file(f\"{context.council}.schema\")\n            schema_result = file_handler.validate_json_schema(\n                context.parse_result, council_schema\n            )\n>           assert schema_result is True\nE           assert False is True\n\nuk_bin_collection/tests/step_defs/test_validate_council.py:80: AssertionError","steps":[{"name":"Given the council: DurhamCouncil","time":{"start":1677580148140,"stop":1677580148140,"duration":0},"status":"passed","steps":[],"attachments":[],"parameters":[],"stepsCount":0,"attachmentsCount":0,"shouldDisplayMessage":false,"hasContent":false},{"name":"When we scrape the data from DurhamCouncil","time":{"start":1677580148141,"stop":1677580257036,"duration":108895},"status":"passed","steps":[],"attachments":[],"parameters":[],"stepsCount":0,"attachmentsCount":0,"shouldDisplayMessage":false,"hasContent":false},{"name":"Then the result is valid json","time":{"start":1677580257036,"stop":1677580257036,"duration":0},"status":"passed","steps":[],"attachments":[],"parameters":[],"stepsCount":0,"attachmentsCount":0,"shouldDisplayMessage":false,"hasContent":false},{"name":"And the output should validate against the schema","time":{"start":1677580257036,"stop":1677580257038,"duration":2},"status":"failed","statusMessage":"assert False is True","statusTrace":"AssertionError: assert False is True\n","steps":[],"attachments":[],"parameters":[],"stepsCount":0,"attachmentsCount":0,"shouldDisplayMessage":true,"hasContent":true}],"attachments":[],"parameters":[],"stepsCount":4,"attachmentsCount":0,"shouldDisplayMessage":true,"hasContent":true},"afterStages":[],"labels":[{"name":"host","value":"fv-az571-592"},{"name":"thread","value":"2585-MainThread"},{"name":"framework","value":"pytest-bdd"},{"name":"language","value":"cpython3"},{"name":"feature","value":"Test each council output matches expected results in /outputs"},{"name":"resultFormat","value":"allure2"}],"parameters":[],"links":[],"hidden":false,"retry":false,"extra":{"severity":"normal","retries":[],"categories":[{"name":"Product defects","matchedStatuses":[],"flaky":false}],"history":{"statistic":{"failed":1,"broken":0,"skipped":0,"passed":5,"unknown":0,"total":6},"items":[{"uid":"613d177578dcdd8","reportUrl":"https://robbrad.github.io/UKBinCollectionData/3.9/566//#testresult/613d177578dcdd8","status":"passed","time":{"start":1677548749133,"stop":1677548754454,"duration":5321}},{"uid":"fd13b78edbcb4d55","reportUrl":"https://robbrad.github.io/UKBinCollectionData/3.9/564//#testresult/fd13b78edbcb4d55","status":"passed","time":{"start":1677485677127,"stop":1677485682870,"duration":5743}},{"uid":"708b22f23572bd4c","reportUrl":"https://robbrad.github.io/UKBinCollectionData/3.9/562//#testresult/708b22f23572bd4c","status":"passed","time":{"start":1677462357441,"stop":1677462362046,"duration":4605}},{"uid":"e9c806f9296e06d6","reportUrl":"https://robbrad.github.io/UKBinCollectionData/3.9/561//#testresult/e9c806f9296e06d6","status":"passed","time":{"start":1677458368612,"stop":1677458374218,"duration":5606}},{"uid":"e0c5b007ad00ca60","reportUrl":"https://robbrad.github.io/UKBinCollectionData/3.9/559//#testresult/e0c5b007ad00ca60","status":"passed","time":{"start":1677455890262,"stop":1677455894543,"duration":4281}}]},"tags":[]},"source":"6746923bc977c27f.json","parameterValues":[]}