{"uid":"20e900bd2c2ce023","name":"Validate Council Output -- @1.39 Testing : RochdaleCouncil","fullName":"Test each council output matches expected results in /outputs: Validate Council Output","historyId":"6715df229e04de58682d097f16923020","time":{"start":1677308581024,"stop":1677308583645,"duration":2621},"status":"failed","statusMessage":"AssertionError\n","statusTrace":"  File \"/home/runner/.cache/pypoetry/virtualenvs/uk-bin-collection-EwS6Gn8s-py3.8/lib/python3.8/site-packages/behave/model.py\", line 1329, in run\n    match.run(runner.context)\n  File \"/home/runner/.cache/pypoetry/virtualenvs/uk-bin-collection-EwS6Gn8s-py3.8/lib/python3.8/site-packages/behave/matchers.py\", line 98, in run\n    self.func(context, *args, **kwargs)\n  File \"uk_bin_collection/tests/features/steps/validate_council.py\", line 50, in step_impl\n    assert schema_result is True\n","flaky":false,"newFailed":false,"newBroken":false,"newPassed":false,"retriesCount":0,"retriesStatusChange":false,"beforeStages":[],"testStage":{"status":"failed","statusMessage":"AssertionError\n","statusTrace":"  File \"/home/runner/.cache/pypoetry/virtualenvs/uk-bin-collection-EwS6Gn8s-py3.8/lib/python3.8/site-packages/behave/model.py\", line 1329, in run\n    match.run(runner.context)\n  File \"/home/runner/.cache/pypoetry/virtualenvs/uk-bin-collection-EwS6Gn8s-py3.8/lib/python3.8/site-packages/behave/matchers.py\", line 98, in run\n    self.func(context, *args, **kwargs)\n  File \"uk_bin_collection/tests/features/steps/validate_council.py\", line 50, in step_impl\n    assert schema_result is True\n","steps":[{"name":"Given the council: \"RochdaleCouncil\"","time":{"start":1677308581025,"stop":1677308581025,"duration":0},"status":"passed","steps":[],"attachments":[],"parameters":[],"stepsCount":0,"attachmentsCount":0,"shouldDisplayMessage":false,"hasContent":false},{"name":"When we scrape the data from \"RochdaleCouncil\"","time":{"start":1677308581025,"stop":1677308583642,"duration":2617},"status":"passed","steps":[],"attachments":[],"parameters":[],"stepsCount":0,"attachmentsCount":0,"shouldDisplayMessage":false,"hasContent":false},{"name":"Then the result is valid json","time":{"start":1677308583642,"stop":1677308583642,"duration":0},"status":"passed","steps":[],"attachments":[],"parameters":[],"stepsCount":0,"attachmentsCount":0,"shouldDisplayMessage":false,"hasContent":false},{"name":"And the output should validate against the schema","time":{"start":1677308583642,"stop":1677308583645,"duration":3},"status":"failed","statusMessage":"AssertionError\n","statusTrace":"  File \"/home/runner/.cache/pypoetry/virtualenvs/uk-bin-collection-EwS6Gn8s-py3.8/lib/python3.8/site-packages/behave/model.py\", line 1329, in run\n    match.run(runner.context)\n  File \"/home/runner/.cache/pypoetry/virtualenvs/uk-bin-collection-EwS6Gn8s-py3.8/lib/python3.8/site-packages/behave/matchers.py\", line 98, in run\n    self.func(context, *args, **kwargs)\n  File \"uk_bin_collection/tests/features/steps/validate_council.py\", line 50, in step_impl\n    assert schema_result is True\n","steps":[],"attachments":[],"parameters":[],"stepsCount":0,"attachmentsCount":0,"shouldDisplayMessage":true,"hasContent":true}],"attachments":[],"parameters":[],"stepsCount":4,"attachmentsCount":0,"shouldDisplayMessage":false,"hasContent":true},"afterStages":[],"labels":[{"name":"severity","value":"normal"},{"name":"feature","value":"Test each council output matches expected results in /outputs"},{"name":"framework","value":"behave"},{"name":"language","value":"cpython3"},{"name":"resultFormat","value":"allure2"}],"parameters":[{"name":"council","value":"RochdaleCouncil"}],"links":[],"hidden":false,"retry":false,"extra":{"severity":"normal","retries":[],"categories":[{"name":"Product defects","matchedStatuses":[],"flaky":false}],"tags":[]},"source":"20e900bd2c2ce023.json","parameterValues":["RochdaleCouncil"]}