{"uid":"227cdff88996fc6c","name":"Validate Council Output -- @1.27 Testing : LondonBoroughHounslow","fullName":"Test each council output matches expected results in /outputs: Validate Council Output","historyId":"ba08464aba546ed042e891b29c63f90b","time":{"start":1677308517662,"stop":1677308520963,"duration":3301},"status":"failed","statusMessage":"AssertionError\n","statusTrace":"  File \"/home/runner/.cache/pypoetry/virtualenvs/uk-bin-collection-EwS6Gn8s-py3.8/lib/python3.8/site-packages/behave/model.py\", line 1329, in run\n    match.run(runner.context)\n  File \"/home/runner/.cache/pypoetry/virtualenvs/uk-bin-collection-EwS6Gn8s-py3.8/lib/python3.8/site-packages/behave/matchers.py\", line 98, in run\n    self.func(context, *args, **kwargs)\n  File \"uk_bin_collection/tests/features/steps/validate_council.py\", line 50, in step_impl\n    assert schema_result is True\n","flaky":false,"newFailed":false,"newBroken":false,"newPassed":false,"retriesCount":0,"retriesStatusChange":false,"beforeStages":[],"testStage":{"status":"failed","statusMessage":"AssertionError\n","statusTrace":"  File \"/home/runner/.cache/pypoetry/virtualenvs/uk-bin-collection-EwS6Gn8s-py3.8/lib/python3.8/site-packages/behave/model.py\", line 1329, in run\n    match.run(runner.context)\n  File \"/home/runner/.cache/pypoetry/virtualenvs/uk-bin-collection-EwS6Gn8s-py3.8/lib/python3.8/site-packages/behave/matchers.py\", line 98, in run\n    self.func(context, *args, **kwargs)\n  File \"uk_bin_collection/tests/features/steps/validate_council.py\", line 50, in step_impl\n    assert schema_result is True\n","steps":[{"name":"Given the council: \"LondonBoroughHounslow\"","time":{"start":1677308517662,"stop":1677308517663,"duration":1},"status":"passed","steps":[],"attachments":[],"parameters":[],"stepsCount":0,"attachmentsCount":0,"shouldDisplayMessage":false,"hasContent":false},{"name":"When we scrape the data from \"LondonBoroughHounslow\"","time":{"start":1677308517663,"stop":1677308520960,"duration":3297},"status":"passed","steps":[],"attachments":[],"parameters":[],"stepsCount":0,"attachmentsCount":0,"shouldDisplayMessage":false,"hasContent":false},{"name":"Then the result is valid json","time":{"start":1677308520960,"stop":1677308520960,"duration":0},"status":"passed","steps":[],"attachments":[],"parameters":[],"stepsCount":0,"attachmentsCount":0,"shouldDisplayMessage":false,"hasContent":false},{"name":"And the output should validate against the schema","time":{"start":1677308520960,"stop":1677308520963,"duration":3},"status":"failed","statusMessage":"AssertionError\n","statusTrace":"  File \"/home/runner/.cache/pypoetry/virtualenvs/uk-bin-collection-EwS6Gn8s-py3.8/lib/python3.8/site-packages/behave/model.py\", line 1329, in run\n    match.run(runner.context)\n  File \"/home/runner/.cache/pypoetry/virtualenvs/uk-bin-collection-EwS6Gn8s-py3.8/lib/python3.8/site-packages/behave/matchers.py\", line 98, in run\n    self.func(context, *args, **kwargs)\n  File \"uk_bin_collection/tests/features/steps/validate_council.py\", line 50, in step_impl\n    assert schema_result is True\n","steps":[],"attachments":[],"parameters":[],"stepsCount":0,"attachmentsCount":0,"shouldDisplayMessage":true,"hasContent":true}],"attachments":[],"parameters":[],"stepsCount":4,"attachmentsCount":0,"shouldDisplayMessage":false,"hasContent":true},"afterStages":[],"labels":[{"name":"severity","value":"normal"},{"name":"feature","value":"Test each council output matches expected results in /outputs"},{"name":"framework","value":"behave"},{"name":"language","value":"cpython3"},{"name":"resultFormat","value":"allure2"}],"parameters":[{"name":"council","value":"LondonBoroughHounslow"}],"links":[],"hidden":false,"retry":false,"extra":{"severity":"normal","retries":[],"categories":[{"name":"Product defects","matchedStatuses":[],"flaky":false}],"tags":[]},"source":"227cdff88996fc6c.json","parameterValues":["LondonBoroughHounslow"]}